<?xml version="1.0" encoding="UTF-8"?>
<!-- Generated by org.testng.reporters.JUnitReportReporter -->
<testsuite hostname="DSK-541" failures="0" tests="3" name="MainClass.TestScriptOfHeader" time="36.025" errors="1" timestamp="2021-03-12T14:24:24 IST" skipped="1">
  <testcase classname="MainClass.TestScriptOfHeader" name="beforeMethod" time="23.624">
    <error message="unknown error: Chrome failed to start: exited normally.
  (chrome not reachable)
  (The process started from chrome location C:\Program Files (x86)\Google\Chrome\Application\chrome.exe is no longer running, so ChromeDriver is assuming that Chrome has crashed.)
Build info: version: &#039;3.141.59&#039;, revision: &#039;e82be7d358&#039;, time: &#039;2018-11-14T08:25:53&#039;
System info: host: &#039;DSK-541&#039;, ip: &#039;10.0.2.251&#039;, os.name: &#039;Windows 10&#039;, os.arch: &#039;amd64&#039;, os.version: &#039;10.0&#039;, java.version: &#039;15.0.2&#039;
Driver info: driver.version: ChromeDriver
remote stacktrace: Backtrace:
	Ordinal0 [0x0048E7D3+124883]
	Ordinal0 [0x0048E7B1+124849]
	GetHandleVerifier [0x006D8688+193832]
	GetHandleVerifier [0x006F07AC+292428]
	GetHandleVerifier [0x006EE0AC+282444]
	GetHandleVerifier [0x00714A90+440624]
	GetHandleVerifier [0x007147FC+439964]
	GetHandleVerifier [0x0071154B+426987]
	GetHandleVerifier [0x006F4FFD+310941]
	GetHandleVerifier [0x006F5D8E+314414]
	GetHandleVerifier [0x006F5D19+314297]
	GetHandleVerifier [0x007B31EC+1089676]
	GetHandleVerifier [0x007B17C9+1082985]
	GetHandleVerifier [0x007B13A3+1081923]
	GetHandleVerifier [0x008AD9FD+2115741]
	Ordinal0 [0x005DB82E+1488942]
	Ordinal0 [0x00575A7D+1071741]
	Ordinal0 [0x0057559B+1070491]
	Ordinal0 [0x005754B1+1070257]
	Ordinal0 [0x005AFF53+1310547]
	BaseThreadInitThunk [0x777AFA29+25]
	RtlGetAppContainerNamedObjectPath [0x77A376B4+228]
	RtlGetAppContainerNamedObjectPath [0x77A37684+180]
" type="org.openqa.selenium.WebDriverException">
      <![CDATA[org.openqa.selenium.WebDriverException: unknown error: Chrome failed to start: exited normally.
  (chrome not reachable)
  (The process started from chrome location C:\Program Files (x86)\Google\Chrome\Application\chrome.exe is no longer running, so ChromeDriver is assuming that Chrome has crashed.)
Build info: version: '3.141.59', revision: 'e82be7d358', time: '2018-11-14T08:25:53'
System info: host: 'DSK-541', ip: '10.0.2.251', os.name: 'Windows 10', os.arch: 'amd64', os.version: '10.0', java.version: '15.0.2'
Driver info: driver.version: ChromeDriver
remote stacktrace: Backtrace:
Ordinal0 [0x0048E7D3+124883]
Ordinal0 [0x0048E7B1+124849]
GetHandleVerifier [0x006D8688+193832]
GetHandleVerifier [0x006F07AC+292428]
GetHandleVerifier [0x006EE0AC+282444]
GetHandleVerifier [0x00714A90+440624]
GetHandleVerifier [0x007147FC+439964]
GetHandleVerifier [0x0071154B+426987]
GetHandleVerifier [0x006F4FFD+310941]
GetHandleVerifier [0x006F5D8E+314414]
GetHandleVerifier [0x006F5D19+314297]
GetHandleVerifier [0x007B31EC+1089676]
GetHandleVerifier [0x007B17C9+1082985]
GetHandleVerifier [0x007B13A3+1081923]
GetHandleVerifier [0x008AD9FD+2115741]
Ordinal0 [0x005DB82E+1488942]
Ordinal0 [0x00575A7D+1071741]
Ordinal0 [0x0057559B+1070491]
Ordinal0 [0x005754B1+1070257]
Ordinal0 [0x005AFF53+1310547]
BaseThreadInitThunk [0x777AFA29+25]
RtlGetAppContainerNamedObjectPath [0x77A376B4+228]
RtlGetAppContainerNamedObjectPath [0x77A37684+180]

at java.base/jdk.internal.reflect.NativeConstructorAccessorImpl.newInstance0(Native Method)
at java.base/jdk.internal.reflect.NativeConstructorAccessorImpl.newInstance(NativeConstructorAccessorImpl.java:64)
at java.base/jdk.internal.reflect.DelegatingConstructorAccessorImpl.newInstance(DelegatingConstructorAccessorImpl.java:45)
at java.base/java.lang.reflect.Constructor.newInstanceWithCaller(Constructor.java:500)
at java.base/java.lang.reflect.Constructor.newInstance(Constructor.java:481)
at org.openqa.selenium.remote.W3CHandshakeResponse.lambda$errorHandler$0(W3CHandshakeResponse.java:62)
at org.openqa.selenium.remote.HandshakeResponse.lambda$getResponseFunction$0(HandshakeResponse.java:30)
at org.openqa.selenium.remote.ProtocolHandshake.lambda$createSession$0(ProtocolHandshake.java:126)
at java.base/java.util.stream.ReferencePipeline$3$1.accept(ReferencePipeline.java:195)
at java.base/java.util.Spliterators$ArraySpliterator.tryAdvance(Spliterators.java:958)
at java.base/java.util.stream.ReferencePipeline.forEachWithCancel(ReferencePipeline.java:127)
at java.base/java.util.stream.AbstractPipeline.copyIntoWithCancel(AbstractPipeline.java:502)
at java.base/java.util.stream.AbstractPipeline.copyInto(AbstractPipeline.java:488)
at java.base/java.util.stream.AbstractPipeline.wrapAndCopyInto(AbstractPipeline.java:474)
at java.base/java.util.stream.FindOps$FindOp.evaluateSequential(FindOps.java:150)
at java.base/java.util.stream.AbstractPipeline.evaluate(AbstractPipeline.java:234)
at java.base/java.util.stream.ReferencePipeline.findFirst(ReferencePipeline.java:543)
at org.openqa.selenium.remote.ProtocolHandshake.createSession(ProtocolHandshake.java:128)
at org.openqa.selenium.remote.ProtocolHandshake.createSession(ProtocolHandshake.java:74)
at org.openqa.selenium.remote.HttpCommandExecutor.execute(HttpCommandExecutor.java:136)
at org.openqa.selenium.remote.service.DriverCommandExecutor.execute(DriverCommandExecutor.java:83)
at org.openqa.selenium.remote.RemoteWebDriver.execute(RemoteWebDriver.java:552)
at org.openqa.selenium.remote.RemoteWebDriver.startSession(RemoteWebDriver.java:213)
at org.openqa.selenium.remote.RemoteWebDriver.<init>(RemoteWebDriver.java:131)
at org.openqa.selenium.chrome.ChromeDriver.<init>(ChromeDriver.java:181)
at org.openqa.selenium.chrome.ChromeDriver.<init>(ChromeDriver.java:168)
at org.openqa.selenium.chrome.ChromeDriver.<init>(ChromeDriver.java:123)
at utils.CreateBrowser.openBrowser(CreateBrowser.java:15)
at MainClass.TestScriptOfHeader.beforeMethod(TestScriptOfHeader.java:50)
at java.base/jdk.internal.reflect.NativeMethodAccessorImpl.invoke0(Native Method)
at java.base/jdk.internal.reflect.NativeMethodAccessorImpl.invoke(NativeMethodAccessorImpl.java:64)
at java.base/jdk.internal.reflect.DelegatingMethodAccessorImpl.invoke(DelegatingMethodAccessorImpl.java:43)
at java.base/java.lang.reflect.Method.invoke(Method.java:564)
at org.testng.internal.MethodInvocationHelper.invokeMethod(MethodInvocationHelper.java:132)
at org.testng.internal.MethodInvocationHelper.invokeMethodConsideringTimeout(MethodInvocationHelper.java:61)
at org.testng.internal.ConfigInvoker.invokeConfigurationMethod(ConfigInvoker.java:366)
at org.testng.internal.ConfigInvoker.invokeConfigurations(ConfigInvoker.java:320)
at org.testng.internal.TestInvoker.runConfigMethods(TestInvoker.java:701)
at org.testng.internal.TestInvoker.invokeMethod(TestInvoker.java:527)
at org.testng.internal.TestInvoker.invokeTestMethod(TestInvoker.java:174)
at org.testng.internal.MethodRunner.runInSequence(MethodRunner.java:46)
at org.testng.internal.TestInvoker$MethodInvocationAgent.invoke(TestInvoker.java:822)
at org.testng.internal.TestInvoker.invokeTestMethods(TestInvoker.java:147)
at org.testng.internal.TestMethodWorker.invokeTestMethods(TestMethodWorker.java:146)
at org.testng.internal.TestMethodWorker.run(TestMethodWorker.java:128)
at java.base/java.util.ArrayList.forEach(ArrayList.java:1511)
at org.testng.TestRunner.privateRun(TestRunner.java:764)
at org.testng.TestRunner.run(TestRunner.java:585)
at org.testng.SuiteRunner.runTest(SuiteRunner.java:384)
at org.testng.SuiteRunner.runSequentially(SuiteRunner.java:378)
at org.testng.SuiteRunner.privateRun(SuiteRunner.java:337)
at org.testng.SuiteRunner.run(SuiteRunner.java:286)
at org.testng.SuiteRunnerWorker.runSuite(SuiteRunnerWorker.java:53)
at org.testng.SuiteRunnerWorker.run(SuiteRunnerWorker.java:96)
at org.testng.TestNG.runSuitesSequentially(TestNG.java:1218)
at org.testng.TestNG.runSuitesLocally(TestNG.java:1140)
at org.testng.TestNG.runSuites(TestNG.java:1069)
at org.testng.TestNG.run(TestNG.java:1037)
at org.testng.remote.AbstractRemoteTestNG.run(AbstractRemoteTestNG.java:115)
at org.testng.remote.RemoteTestNG.initAndRun(RemoteTestNG.java:251)
at org.testng.remote.RemoteTestNG.main(RemoteTestNG.java:77)
]]>
    </error>
  </testcase> <!-- beforeMethod -->
  <system-out/>
  <testcase classname="MainClass.TestScriptOfHeader" name="validSearch" time="12.401"/>
  <system-out/>
  <testcase classname="MainClass.TestScriptOfHeader" name="invalidSearch" time="0.000">
    <skipped/>
  </testcase> <!-- invalidSearch -->
  <system-out/>
</testsuite> <!-- MainClass.TestScriptOfHeader -->
