<?xml version="1.0" encoding="UTF-8"?>
<!-- Generated by org.testng.reporters.JUnitXMLReporter -->
<testsuite ignored="0" hostname="DSK-541" failures="1" tests="2" name="addTocart" time="29.846" errors="0" timestamp="2021-03-15T12:11:28 IST">
  <testcase classname="MainClass.addToCartButtonWorking" name="@BeforeMethod beforeMethod" time="8.017">
    <failure type="org.openqa.selenium.WebDriverException" message="unknown error: Chrome failed to start: exited normally.
  (chrome not reachable)
  (The process started from chrome location C:\Program Files (x86)\Google\Chrome\Application\chrome.exe is no longer running, so ChromeDriver is assuming that Chrome has crashed.)
Build info: version: &amp;apos;3.141.59&amp;apos;, revision: &amp;apos;e82be7d358&amp;apos;, time: &amp;apos;2018-11-14T08:25:53&amp;apos;
System info: host: &amp;apos;DSK-541&amp;apos;, ip: &amp;apos;10.0.2.251&amp;apos;, os.name: &amp;apos;Windows 10&amp;apos;, os.arch: &amp;apos;amd64&amp;apos;, os.version: &amp;apos;10.0&amp;apos;, java.version: &amp;apos;15.0.2&amp;apos;
Driver info: driver.version: ChromeDriver
remote stacktrace: Backtrace:
	Ordinal0 [0x0006E7D3+124883]
	Ordinal0 [0x0006E7B1+124849]
	GetHandleVerifier [0x002B8688+193832]
	GetHandleVerifier [0x002D07AC+292428]
	GetHandleVerifier [0x002CE0AC+282444]
	GetHandleVerifier [0x002F4A90+440624]
	GetHandleVerifier [0x002F47FC+439964]
	GetHandleVerifier [0x002F154B+426987]
	GetHandleVerifier [0x002D4FFD+310941]
	GetHandleVerifier [0x002D5D8E+314414]
	GetHandleVerifier [0x002D5D19+314297]
	GetHandleVerifier [0x003931EC+1089676]
	GetHandleVerifier [0x003917C9+1082985]
	GetHandleVerifier [0x003913A3+1081923]
	GetHandleVerifier [0x0048D9FD+2115741]
	Ordinal0 [0x001BB82E+1488942]
	Ordinal0 [0x00155A7D+1071741]
	Ordinal0 [0x0015559B+1070491]
	Ordinal0 [0x001554B1+1070257]
	Ordinal0 [0x0018FF53+1310547]
	BaseThreadInitThunk [0x7718FA29+25]
	RtlGetAppContainerNamedObjectPath [0x77E476B4+228]
	RtlGetAppContainerNamedObjectPath [0x77E47684+180]
	(No symbol) [0x00000000]
">
      <![CDATA[org.openqa.selenium.WebDriverException: unknown error: Chrome failed to start: exited normally.
  (chrome not reachable)
  (The process started from chrome location C:\Program Files (x86)\Google\Chrome\Application\chrome.exe is no longer running, so ChromeDriver is assuming that Chrome has crashed.)
Build info: version: '3.141.59', revision: 'e82be7d358', time: '2018-11-14T08:25:53'
System info: host: 'DSK-541', ip: '10.0.2.251', os.name: 'Windows 10', os.arch: 'amd64', os.version: '10.0', java.version: '15.0.2'
Driver info: driver.version: ChromeDriver
remote stacktrace: Backtrace:
Ordinal0 [0x0006E7D3+124883]
Ordinal0 [0x0006E7B1+124849]
GetHandleVerifier [0x002B8688+193832]
GetHandleVerifier [0x002D07AC+292428]
GetHandleVerifier [0x002CE0AC+282444]
GetHandleVerifier [0x002F4A90+440624]
GetHandleVerifier [0x002F47FC+439964]
GetHandleVerifier [0x002F154B+426987]
GetHandleVerifier [0x002D4FFD+310941]
GetHandleVerifier [0x002D5D8E+314414]
GetHandleVerifier [0x002D5D19+314297]
GetHandleVerifier [0x003931EC+1089676]
GetHandleVerifier [0x003917C9+1082985]
GetHandleVerifier [0x003913A3+1081923]
GetHandleVerifier [0x0048D9FD+2115741]
Ordinal0 [0x001BB82E+1488942]
Ordinal0 [0x00155A7D+1071741]
Ordinal0 [0x0015559B+1070491]
Ordinal0 [0x001554B1+1070257]
Ordinal0 [0x0018FF53+1310547]
BaseThreadInitThunk [0x7718FA29+25]
RtlGetAppContainerNamedObjectPath [0x77E476B4+228]
RtlGetAppContainerNamedObjectPath [0x77E47684+180]
(No symbol) [0x00000000]

at org.openqa.selenium.remote.W3CHandshakeResponse.lambda$errorHandler$0(W3CHandshakeResponse.java:62)
at org.openqa.selenium.remote.HandshakeResponse.lambda$getResponseFunction$0(HandshakeResponse.java:30)
at org.openqa.selenium.remote.ProtocolHandshake.lambda$createSession$0(ProtocolHandshake.java:126)
at java.base/java.util.stream.ReferencePipeline$3$1.accept(ReferencePipeline.java:195)
at java.base/java.util.Spliterators$ArraySpliterator.tryAdvance(Spliterators.java:958)
at java.base/java.util.stream.ReferencePipeline.forEachWithCancel(ReferencePipeline.java:127)
at java.base/java.util.stream.AbstractPipeline.copyIntoWithCancel(AbstractPipeline.java:502)
at java.base/java.util.stream.AbstractPipeline.copyInto(AbstractPipeline.java:488)
at java.base/java.util.stream.AbstractPipeline.wrapAndCopyInto(AbstractPipeline.java:474)
at java.base/java.util.stream.FindOps$FindOp.evaluateSequential(FindOps.java:150)
at java.base/java.util.stream.AbstractPipeline.evaluate(AbstractPipeline.java:234)
at java.base/java.util.stream.ReferencePipeline.findFirst(ReferencePipeline.java:543)
at org.openqa.selenium.remote.ProtocolHandshake.createSession(ProtocolHandshake.java:128)
at org.openqa.selenium.remote.ProtocolHandshake.createSession(ProtocolHandshake.java:74)
at org.openqa.selenium.remote.HttpCommandExecutor.execute(HttpCommandExecutor.java:136)
at org.openqa.selenium.remote.service.DriverCommandExecutor.execute(DriverCommandExecutor.java:83)
at org.openqa.selenium.remote.RemoteWebDriver.execute(RemoteWebDriver.java:552)
at org.openqa.selenium.remote.RemoteWebDriver.startSession(RemoteWebDriver.java:213)
at org.openqa.selenium.remote.RemoteWebDriver.<init>(RemoteWebDriver.java:131)
at org.openqa.selenium.chrome.ChromeDriver.<init>(ChromeDriver.java:181)
at org.openqa.selenium.chrome.ChromeDriver.<init>(ChromeDriver.java:168)
at org.openqa.selenium.chrome.ChromeDriver.<init>(ChromeDriver.java:123)
at utils.CreateBrowser.openBrowser(CreateBrowser.java:15)
at MainClass.addToCartButtonWorking.beforeMethod(addToCartButtonWorking.java:41)
at java.base/java.util.ArrayList.forEach(ArrayList.java:1511)
... Removed 36 stack frames]]>
    </failure>
  </testcase> <!-- @BeforeMethod beforeMethod -->
  <testcase classname="MainClass.addToCartButtonWorking" name="@AfterMethod afterMethod" time="-1.615790488027E9">
    <skipped/>
  </testcase> <!-- @AfterMethod afterMethod -->
  <testcase classname="MainClass.addToCartButtonWorking" name="@AfterClass afterClass" time="-1.61579048803E9">
    <skipped/>
  </testcase> <!-- @AfterClass afterClass -->
  <testcase classname="MainClass.addToCartButtonWorking" name="@AfterTest afterTest" time="-1.615790488033E9">
    <skipped/>
  </testcase> <!-- @AfterTest afterTest -->
  <testcase classname="MainClass.addToCartButtonWorking" name="buttonTestAnother" time="0.237">
    <failure type="org.openqa.selenium.ElementNotInteractableException" message="element not interactable: [object HTMLSpanElement] has no size and location
  (Session info: chrome=89.0.4389.82)
Build info: version: &amp;apos;3.141.59&amp;apos;, revision: &amp;apos;e82be7d358&amp;apos;, time: &amp;apos;2018-11-14T08:25:53&amp;apos;
System info: host: &amp;apos;DSK-541&amp;apos;, ip: &amp;apos;10.0.2.251&amp;apos;, os.name: &amp;apos;Windows 10&amp;apos;, os.arch: &amp;apos;amd64&amp;apos;, os.version: &amp;apos;10.0&amp;apos;, java.version: &amp;apos;15.0.2&amp;apos;
Driver info: org.openqa.selenium.chrome.ChromeDriver
Capabilities {acceptInsecureCerts: false, browserName: chrome, browserVersion: 89.0.4389.82, chrome: {chromedriverVersion: 89.0.4389.23 (61b08ee2c5002..., userDataDir: C:\Users\AKASH~1.PAT\AppDat...}, goog:chromeOptions: {debuggerAddress: localhost:52307}, javascriptEnabled: true, networkConnectionEnabled: false, pageLoadStrategy: normal, platform: WINDOWS, platformName: WINDOWS, proxy: Proxy(), setWindowRect: true, strictFileInteractability: false, timeouts: {implicit: 0, pageLoad: 300000, script: 30000}, unhandledPromptBehavior: dismiss and notify, webauthn:extension:largeBlob: true, webauthn:virtualAuthenticators: true}
Session ID: 5b0dd05066a5e0b7aeefa5773af1c8c7">
      <![CDATA[org.openqa.selenium.ElementNotInteractableException: element not interactable: [object HTMLSpanElement] has no size and location
  (Session info: chrome=89.0.4389.82)
Build info: version: '3.141.59', revision: 'e82be7d358', time: '2018-11-14T08:25:53'
System info: host: 'DSK-541', ip: '10.0.2.251', os.name: 'Windows 10', os.arch: 'amd64', os.version: '10.0', java.version: '15.0.2'
Driver info: org.openqa.selenium.chrome.ChromeDriver
Capabilities {acceptInsecureCerts: false, browserName: chrome, browserVersion: 89.0.4389.82, chrome: {chromedriverVersion: 89.0.4389.23 (61b08ee2c5002..., userDataDir: C:\Users\AKASH~1.PAT\AppDat...}, goog:chromeOptions: {debuggerAddress: localhost:52307}, javascriptEnabled: true, networkConnectionEnabled: false, pageLoadStrategy: normal, platform: WINDOWS, platformName: WINDOWS, proxy: Proxy(), setWindowRect: true, strictFileInteractability: false, timeouts: {implicit: 0, pageLoad: 300000, script: 30000}, unhandledPromptBehavior: dismiss and notify, webauthn:extension:largeBlob: true, webauthn:virtualAuthenticators: true}
Session ID: 5b0dd05066a5e0b7aeefa5773af1c8c7
at org.openqa.selenium.remote.http.W3CHttpResponseCodec.createException(W3CHttpResponseCodec.java:187)
at org.openqa.selenium.remote.http.W3CHttpResponseCodec.decode(W3CHttpResponseCodec.java:122)
at org.openqa.selenium.remote.http.W3CHttpResponseCodec.decode(W3CHttpResponseCodec.java:49)
at org.openqa.selenium.remote.HttpCommandExecutor.execute(HttpCommandExecutor.java:158)
at org.openqa.selenium.remote.service.DriverCommandExecutor.execute(DriverCommandExecutor.java:83)
at org.openqa.selenium.remote.RemoteWebDriver.execute(RemoteWebDriver.java:552)
at org.openqa.selenium.remote.RemoteWebDriver.perform(RemoteWebDriver.java:618)
at org.openqa.selenium.interactions.Actions$BuiltAction.perform(Actions.java:639)
at org.openqa.selenium.interactions.Actions.perform(Actions.java:595)
at MainClass.addToCartButtonWorking.buttonTestAnother(addToCartButtonWorking.java:59)
at java.base/java.util.ArrayList.forEach(ArrayList.java:1511)
... Removed 32 stack frames]]>
    </failure>
  </testcase> <!-- buttonTestAnother -->
  <testcase classname="MainClass.addToCartButtonWorking" name="buttonTest" time="0.0">
    <skipped/>
  </testcase> <!-- buttonTest -->
</testsuite> <!-- addTocart -->
