<?xml version="1.0" encoding="UTF-8"?>
<!-- Generated by org.testng.reporters.JUnitXMLReporter -->
<testsuite ignored="0" hostname="DSK-541" failures="0" tests="3" name="ContactUs" time="0.124" errors="0" timestamp="2021-03-11T15:32:46 IST">
  <testcase classname="MainClass.TestScript" name="@BeforeMethod beforeMethod" time="0.005">
    <failure type="java.lang.NullPointerException" message="Cannot invoke &amp;quot;org.openqa.selenium.WebDriver.manage()&amp;quot; because &amp;quot;driver&amp;quot; is null">
      <![CDATA[java.lang.NullPointerException: Cannot invoke "org.openqa.selenium.WebDriver.manage()" because "driver" is null
at methods.Methods.maxWindow(Methods.java:11)
at MainClass.TestScript.beforeMethod(TestScript.java:36)
at java.base/java.util.ArrayList.forEach(ArrayList.java:1511)
... Removed 31 stack frames]]>
    </failure>
  </testcase> <!-- @BeforeMethod beforeMethod -->
  <testcase classname="MainClass.TestScript" name="@AfterMethod afterMethod" time="-1.615456966518E9">
    <skipped/>
  </testcase> <!-- @AfterMethod afterMethod -->
  <testcase classname="MainClass.TestScript" name="@BeforeMethod beforeMethod" time="-1.615456966528E9">
    <skipped/>
  </testcase> <!-- @BeforeMethod beforeMethod -->
  <testcase classname="MainClass.TestScript" name="@AfterMethod afterMethod" time="-1.615456966537E9">
    <skipped/>
  </testcase> <!-- @AfterMethod afterMethod -->
  <testcase classname="MainClass.TestScript" name="@BeforeMethod beforeMethod" time="-1.61545696654E9">
    <skipped/>
  </testcase> <!-- @BeforeMethod beforeMethod -->
  <testcase classname="MainClass.TestScript" name="@AfterMethod afterMethod" time="-1.615456966546E9">
    <skipped/>
  </testcase> <!-- @AfterMethod afterMethod -->
  <testcase classname="MainClass.TestScript" name="@AfterClass afterClass" time="-1.615456966549E9">
    <skipped/>
  </testcase> <!-- @AfterClass afterClass -->
  <testcase classname="MainClass.TestScript" name="@AfterTest afterTest" time="-1.615456966551E9">
    <skipped/>
  </testcase> <!-- @AfterTest afterTest -->
  <testcase classname="MainClass.TestScript" name="contactUsWithFillUpAllDetails" time="0.0">
    <skipped/>
  </testcase> <!-- contactUsWithFillUpAllDetails -->
  <testcase classname="MainClass.TestScript" name="contactUsWIthNotFillingUpEmailAddress" time="0.0">
    <skipped/>
  </testcase> <!-- contactUsWIthNotFillingUpEmailAddress -->
  <testcase classname="MainClass.TestScript" name="contactUsWithNotFillingOrderReferenceAndAttachFile" time="0.0">
    <skipped/>
  </testcase> <!-- contactUsWithNotFillingOrderReferenceAndAttachFile -->
</testsuite> <!-- ContactUs -->
